<?xml version="1.0" encoding="UTF-8"?>
<testsuite name="com.example.userservice.controller.UserControllerTest" tests="2" skipped="0" failures="0" errors="0" timestamp="2025-01-19T14:59:39" hostname="DESKTOP-751RQ6I" time="0.05">
  <properties/>
  <testcase name="login_shouldReturnLoginResponse()" classname="com.example.userservice.controller.UserControllerTest" time="0.047"/>
  <testcase name="signUp_shouldReturnCreatedUser()" classname="com.example.userservice.controller.UserControllerTest" time="0.002"/>
  <system-out><![CDATA[]]></system-out>
  <system-err><![CDATA[]]></system-err>
</testsuite>
