<?xml version="1.0" encoding="UTF-8"?>
<testsuite name="com.example.userservice.service.UserServiceTest" tests="4" skipped="0" failures="0" errors="0" timestamp="2025-01-14T16:02:09" hostname="DESKTOP-751RQ6I" time="1.879">
  <properties/>
  <testcase name="validateTokenAndUpdate_shouldThrowExceptionForInvalidToken()" classname="com.example.userservice.service.UserServiceTest" time="1.69"/>
  <testcase name="createUser_shouldThrowExceptionIfUserAlreadyExists()" classname="com.example.userservice.service.UserServiceTest" time="0.013"/>
  <testcase name="createUser_shouldCreateUserSuccessfully()" classname="com.example.userservice.service.UserServiceTest" time="0.164"/>
  <testcase name="validateTokenAndUpdate_shouldReturnLoginResponse()" classname="com.example.userservice.service.UserServiceTest" time="0.009"/>
  <system-out><![CDATA[]]></system-out>
  <system-err><![CDATA[]]></system-err>
</testsuite>
