<?xml version="1.0" encoding="UTF-8"?>
<testsuite name="com.example.userservice.service.UserServiceTest" tests="5" skipped="0" failures="0" errors="0" timestamp="2025-01-14T18:24:01" hostname="DESKTOP-751RQ6I" time="2.75">
  <properties/>
  <testcase name="validateTokenAndUpdate_shouldThrowExceptionForInvalidToken()" classname="com.example.userservice.service.UserServiceTest" time="2.561"/>
  <testcase name="validateTokenAndUpdate_shouldThrowExceptionForExpiredToken()" classname="com.example.userservice.service.UserServiceTest" time="0.005"/>
  <testcase name="createUser_shouldThrowExceptionIfUserAlreadyExists()" classname="com.example.userservice.service.UserServiceTest" time="0.012"/>
  <testcase name="createUser_shouldCreateUserSuccessfully()" classname="com.example.userservice.service.UserServiceTest" time="0.161"/>
  <testcase name="validateTokenAndUpdate_shouldReturnLoginResponse()" classname="com.example.userservice.service.UserServiceTest" time="0.007"/>
  <system-out><![CDATA[]]></system-out>
  <system-err><![CDATA[]]></system-err>
</testsuite>
