<?xml version="1.0" encoding="UTF-8"?>
<testsuite name="com.example.userservice.controller.UserControllerTest" tests="2" skipped="0" failures="0" errors="0" timestamp="2025-01-17T18:43:24" hostname="DESKTOP-751RQ6I" time="1.916">
  <properties/>
  <testcase name="login_shouldReturnLoginResponse()" classname="com.example.userservice.controller.UserControllerTest" time="1.903"/>
  <testcase name="signUp_shouldReturnCreatedUser()" classname="com.example.userservice.controller.UserControllerTest" time="0.012"/>
  <system-out><![CDATA[]]></system-out>
  <system-err><![CDATA[]]></system-err>
</testsuite>
