<?xml version="1.0" encoding="UTF-8"?>
<testsuite name="com.example.userservice.service.UserServiceTest" tests="6" skipped="0" failures="0" errors="0" timestamp="2025-01-19T19:57:39" hostname="DESKTOP-751RQ6I" time="0.643">
  <properties/>
  <testcase name="validateTokenAndUpdate_shouldThrowExceptionForInvalidToken()" classname="com.example.userservice.service.UserServiceTest" time="0.251"/>
  <testcase name="validateTokenAndUpdate_shouldThrowExceptionForExpiredToken()" classname="com.example.userservice.service.UserServiceTest" time="0.005"/>
  <testcase name="createUser_shouldThrowExceptionIfUserAlreadyExists()" classname="com.example.userservice.service.UserServiceTest" time="0.003"/>
  <testcase name="createUser_shouldCreateUserSuccessfully()" classname="com.example.userservice.service.UserServiceTest" time="0.151"/>
  <testcase name="validateTokenAndUpdate_shouldReturnLoginResponse()" classname="com.example.userservice.service.UserServiceTest" time="0.004"/>
  <testcase name="createUser_shouldThrowExceptionForInvalidEmail()" classname="com.example.userservice.service.UserServiceTest" time="0.224"/>
  <system-out><![CDATA[]]></system-out>
  <system-err><![CDATA[]]></system-err>
</testsuite>
